SF:lib/src/data/datasource/local_data_source.dart
DA:28,0
DA:30,0
DA:31,0
DA:33,0
DA:35,0
DA:36,0
DA:37,0
DA:38,0
DA:39,0
DA:42,0
DA:44,0
DA:45,0
DA:46,0
DA:47,0
DA:48,0
DA:51,0
DA:53,0
DA:56,0
DA:58,0
DA:59,0
DA:60,0
DA:62,0
DA:67,0
DA:69,0
DA:71,0
DA:73,0
DA:75,0
DA:77,0
DA:80,0
DA:82,0
DA:83,0
DA:85,0
DA:86,0
DA:88,0
DA:89,0
DA:95,0
DA:97,0
DA:99,0
DA:100,0
DA:101,0
DA:104,0
DA:105,0
DA:111,0
DA:112,0
DA:113,0
LF:45
LH:0
end_of_record
SF:lib/src/data/datasource/remote_data_source.dart
DA:12,1
DA:14,1
DA:17,3
DA:19,0
DA:20,0
LF:5
LH:3
end_of_record
SF:lib/src/data/repository/most_popular_repository_impl.dart
DA:13,1
DA:19,1
DA:21,2
DA:22,2
DA:23,1
DA:26,0
DA:28,0
DA:30,0
DA:32,0
DA:34,0
DA:36,0
DA:38,0
DA:40,0
DA:42,0
DA:44,0
DA:46,0
DA:48,0
DA:50,0
DA:52,0
LF:19
LH:5
end_of_record
SF:lib/src/domain/entity/most_popular_response.dart
DA:20,1
LF:1
LH:1
end_of_record
SF:lib/src/domain/entity/popular_movie.dart
DA:63,1
DA:80,0
DA:81,0
DA:82,0
DA:83,0
DA:84,0
DA:85,0
DA:86,0
DA:87,0
DA:88,0
DA:89,0
DA:90,0
DA:91,0
DA:92,0
DA:93,0
DA:94,0
DA:95,0
DA:99,0
LF:18
LH:1
end_of_record
SF:lib/src/domain/failure/failure.dart
DA:4,0
DA:8,1
LF:2
LH:1
end_of_record
SF:lib/src/domain/params/create_movie_param.dart
DA:7,0
LF:1
LH:0
end_of_record
SF:lib/src/domain/params/delete_movie_param.dart
DA:6,0
LF:1
LH:0
end_of_record
SF:lib/src/domain/params/get_movie_param.dart
DA:6,0
LF:1
LH:0
end_of_record
SF:lib/src/domain/params/get_popular_movies_params.dart
DA:6,0
LF:1
LH:0
end_of_record
SF:lib/src/domain/params/set_filter_params.dart
DA:6,0
LF:1
LH:0
end_of_record
SF:lib/src/domain/params/update_movie_param.dart
DA:7,0
LF:1
LH:0
end_of_record
SF:lib/src/domain/usecase/save_all_movie_usecase.dart
DA:7,0
DA:13,0
DA:15,0
DA:18,0
DA:19,0
DA:20,0
DA:21,0
DA:22,0
DA:23,0
DA:24,0
DA:25,0
DA:26,0
DA:27,0
DA:28,0
DA:29,0
DA:30,0
DA:31,0
DA:32,0
DA:33,0
DA:37,0
DA:43,0
LF:21
LH:0
end_of_record
SF:lib/src/domain/usecase/save_movie_usecase.dart
DA:9,0
DA:11,0
DA:13,0
DA:14,0
DA:15,0
DA:16,0
DA:17,0
DA:18,0
DA:19,0
DA:20,0
DA:21,0
DA:22,0
DA:23,0
DA:24,0
DA:25,0
DA:26,0
DA:27,0
LF:17
LH:0
end_of_record
SF:lib/src/domain/usecase/update_movie_usecase.dart
DA:9,0
DA:11,0
DA:13,0
DA:14,0
DA:15,0
DA:16,0
DA:17,0
DA:18,0
DA:19,0
DA:20,0
DA:21,0
DA:22,0
DA:23,0
DA:24,0
DA:25,0
DA:26,0
DA:27,0
LF:17
LH:0
end_of_record
SF:lib/src/data/dto/popular_movie_dto.dart
DA:19,1
DA:36,1
DA:37,1
DA:38,1
DA:39,1
DA:40,4
DA:41,1
DA:42,1
DA:43,1
DA:44,1
DA:45,2
DA:46,1
DA:47,1
DA:48,1
DA:49,1
DA:50,2
DA:51,1
DA:54,2
DA:55,1
DA:56,1
DA:57,1
DA:58,1
DA:59,1
DA:60,1
DA:61,1
DA:62,1
DA:63,1
DA:64,1
DA:65,1
DA:66,1
DA:67,1
DA:68,1
LF:32
LH:32
end_of_record
SF:lib/src/data/datasource/mockedResponse.dart
DA:1,3
DA:3,1
DA:4,1
DA:7,1
DA:22,1
DA:25,1
DA:40,1
DA:43,1
DA:62,1
DA:65,1
DA:80,1
DA:83,1
DA:98,1
DA:101,1
DA:116,1
DA:119,1
DA:134,1
DA:137,1
DA:152,1
DA:155,1
DA:170,1
DA:173,1
LF:22
LH:22
end_of_record
SF:lib/src/data/dto/most_popular_response_dto.dart
DA:10,1
DA:17,1
DA:18,1
DA:19,1
DA:20,1
DA:21,4
DA:22,1
DA:23,1
DA:26,2
DA:27,1
DA:28,1
DA:29,1
DA:30,5
LF:13
LH:13
end_of_record
