SF:lib/common/settings_provider.dart
DA:6,2
DA:9,1
DA:10,1
DA:11,1
DA:14,0
DA:15,0
LF:6
LH:4
end_of_record
SF:lib/features/popular_movies/bloc/popular_movies_bloc.dart
DA:13,1
DA:19,2
DA:20,2
DA:23,0
DA:26,0
DA:28,0
DA:29,0
DA:31,0
DA:32,0
DA:33,0
DA:34,0
DA:35,0
DA:37,0
DA:38,0
DA:39,0
DA:40,0
DA:42,0
DA:47,0
DA:48,0
DA:52,1
DA:55,2
DA:56,2
DA:57,2
DA:58,1
DA:60,0
DA:61,0
DA:62,0
DA:63,0
DA:64,0
DA:67,0
DA:68,0
DA:72,1
DA:73,2
DA:74,1
DA:75,3
DA:76,1
DA:77,2
DA:78,2
LF:38
LH:15
end_of_record
SF:lib/features/popular_movies/bloc/failure.dart
DA:4,0
LF:1
LH:0
end_of_record
